{
  "file": "database.go:24",
  "func": "github.com/SwanHtetAungPhyo/backend/cmd/provider.GormPostgres()",
  "message": "Failed to connect to DB (attempt 1): failed to connect to `user=swanhtet1aungphyo database=`: /private/tmp/.s.PGSQL.5432 (/private/tmp): dial error: dial unix /private/tmp/.s.PGSQL.5432: connect: no such file or directory",
  "severity": "warning",
  "timestamp": "2025-05-14T22:51:03+02:00"
}
{
  "file": "database.go:24",
  "func": "github.com/SwanHtetAungPhyo/backend/cmd/provider.GormPostgres()",
  "message": "Failed to connect to DB (attempt 1): failed to connect to `user=swanhtet1aungphyo database=`: /private/tmp/.s.PGSQL.5432 (/private/tmp): dial error: dial unix /private/tmp/.s.PGSQL.5432: connect: no such file or directory",
  "severity": "warning",
  "timestamp": "2025-05-14T22:57:33+02:00"
}
{
  "file": "database.go:24",
  "func": "github.com/SwanHtetAungPhyo/backend/cmd/provider.GormPostgres()",
  "message": "Failed to connect to DB (attempt 2): failed to connect to `user=swanhtet1aungphyo database=`: /private/tmp/.s.PGSQL.5432 (/private/tmp): dial error: dial unix /private/tmp/.s.PGSQL.5432: connect: no such file or directory",
  "severity": "warning",
  "timestamp": "2025-05-14T22:57:36+02:00"
}
{
  "file": "database.go:24",
  "func": "github.com/SwanHtetAungPhyo/backend/cmd/provider.GormPostgres()",
  "message": "Failed to connect to DB (attempt 3): failed to connect to `user=swanhtet1aungphyo database=`: /private/tmp/.s.PGSQL.5432 (/private/tmp): dial error: dial unix /private/tmp/.s.PGSQL.5432: connect: no such file or directory",
  "severity": "warning",
  "timestamp": "2025-05-14T22:57:39+02:00"
}
{
  "file": "database.go:24",
  "func": "github.com/SwanHtetAungPhyo/backend/cmd/provider.GormPostgres()",
  "message": "Failed to connect to DB (attempt 4): failed to connect to `user=swanhtet1aungphyo database=`: /private/tmp/.s.PGSQL.5432 (/private/tmp): dial error: dial unix /private/tmp/.s.PGSQL.5432: connect: no such file or directory",
  "severity": "warning",
  "timestamp": "2025-05-14T22:57:42+02:00"
}
{
  "file": "database.go:24",
  "func": "github.com/SwanHtetAungPhyo/backend/cmd/provider.GormPostgres()",
  "message": "Failed to connect to DB (attempt 1): failed to connect to `user=postgres database=auth`:\n\t[::1]:5432 (localhost): dial error: dial tcp [::1]:5432: connect: connection refused\n\t127.0.0.1:5432 (localhost): dial error: dial tcp 127.0.0.1:5432: connect: connection refused",
  "severity": "warning",
  "timestamp": "2025-05-14T22:58:30+02:00"
}
{
  "file": "database.go:24",
  "func": "github.com/SwanHtetAungPhyo/backend/cmd/provider.GormPostgres()",
  "message": "Failed to connect to DB (attempt 2): failed to connect to `user=postgres database=auth`:\n\t[::1]:5432 (localhost): dial error: dial tcp [::1]:5432: connect: connection refused\n\t127.0.0.1:5432 (localhost): dial error: dial tcp 127.0.0.1:5432: connect: connection refused",
  "severity": "warning",
  "timestamp": "2025-05-14T22:58:33+02:00"
}
{
  "file": "database.go:24",
  "func": "github.com/SwanHtetAungPhyo/backend/cmd/provider.GormPostgres()",
  "message": "Failed to connect to DB (attempt 1): failed to connect to `user=postgres database=auth`: [::1]:5432 (localhost): failed SASL auth: FATAL: password authentication failed for user \"postgres\" (SQLSTATE 28P01)",
  "severity": "warning",
  "timestamp": "2025-05-14T22:58:59+02:00"
}
{
  "file": "database.go:24",
  "func": "github.com/SwanHtetAungPhyo/backend/cmd/provider.GormPostgres()",
  "message": "Failed to connect to DB (attempt 2): failed to connect to `user=postgres database=auth`: [::1]:5432 (localhost): failed SASL auth: FATAL: password authentication failed for user \"postgres\" (SQLSTATE 28P01)",
  "severity": "warning",
  "timestamp": "2025-05-14T22:59:02+02:00"
}
{
  "file": "database.go:24",
  "func": "github.com/SwanHtetAungPhyo/backend/cmd/provider.GormPostgres()",
  "message": "Failed to connect to DB (attempt 1): failed to connect to `user=postgres database=auth`: [::1]:5432 (localhost): failed SASL auth: FATAL: password authentication failed for user \"postgres\" (SQLSTATE 28P01)",
  "severity": "warning",
  "timestamp": "2025-05-14T22:59:53+02:00"
}
{
  "file": "database.go:24",
  "func": "github.com/SwanHtetAungPhyo/backend/cmd/provider.GormPostgres()",
  "message": "Failed to connect to DB (attempt 2): failed to connect to `user=postgres database=auth`: [::1]:5432 (localhost): failed SASL auth: FATAL: password authentication failed for user \"postgres\" (SQLSTATE 28P01)",
  "severity": "warning",
  "timestamp": "2025-05-14T22:59:56+02:00"
}
{
  "file": "database.go:24",
  "func": "github.com/SwanHtetAungPhyo/backend/cmd/provider.GormPostgres()",
  "message": "Failed to connect to DB (attempt 1): failed to connect to `user=postgres database=appDatabase`: [::1]:5432 (localhost): failed SASL auth: FATAL: password authentication failed for user \"postgres\" (SQLSTATE 28P01)",
  "severity": "warning",
  "timestamp": "2025-05-14T23:00:50+02:00"
}
{
  "file": "database.go:24",
  "func": "github.com/SwanHtetAungPhyo/backend/cmd/provider.GormPostgres()",
  "message": "Failed to connect to DB (attempt 2): failed to connect to `user=postgres database=appDatabase`: [::1]:5432 (localhost): failed SASL auth: FATAL: password authentication failed for user \"postgres\" (SQLSTATE 28P01)",
  "severity": "warning",
  "timestamp": "2025-05-14T23:00:53+02:00"
}
{
  "file": "database.go:50",
  "func": "github.com/SwanHtetAungPhyo/backend/cmd/provider.GormPostgres()",
  "message": "Attempting to connect to database with DSN: host=localhost port=5432 user=postgres dbname=appDatabase sslmode=disable",
  "severity": "info",
  "timestamp": "2025-05-14T23:03:33+02:00"
}
{
  "file": "database.go:65",
  "func": "github.com/SwanHtetAungPhyo/backend/cmd/provider.GormPostgres()",
  "message": "Failed to connect to DB (attempt 1): failed to connect to `user=postgres database=appDatabase`: [::1]:5432 (localhost): failed SASL auth: FATAL: password authentication failed for user \"postgres\" (SQLSTATE 28P01)",
  "severity": "warning",
  "timestamp": "2025-05-14T23:03:33+02:00"
}
{
  "file": "database.go:65",
  "func": "github.com/SwanHtetAungPhyo/backend/cmd/provider.GormPostgres()",
  "message": "Failed to connect to DB (attempt 2): failed to connect to `user=postgres database=appDatabase`: [::1]:5432 (localhost): failed SASL auth: FATAL: password authentication failed for user \"postgres\" (SQLSTATE 28P01)",
  "severity": "warning",
  "timestamp": "2025-05-14T23:03:36+02:00"
}
{
  "file": "database.go:50",
  "func": "github.com/SwanHtetAungPhyo/backend/cmd/provider.GormPostgres()",
  "message": "Attempting to connect to database with DSN: host=localhost port=5432 user=postgres dbname=appDatabase sslmode=disable password=postgres",
  "severity": "info",
  "timestamp": "2025-05-14T23:04:07+02:00"
}
{
  "file": "database.go:65",
  "func": "github.com/SwanHtetAungPhyo/backend/cmd/provider.GormPostgres()",
  "message": "Failed to connect to DB (attempt 1): failed to connect to `user=postgres database=appDatabase`: [::1]:5432 (localhost): failed SASL auth: FATAL: password authentication failed for user \"postgres\" (SQLSTATE 28P01)",
  "severity": "warning",
  "timestamp": "2025-05-14T23:04:07+02:00"
}
{
  "file": "database.go:65",
  "func": "github.com/SwanHtetAungPhyo/backend/cmd/provider.GormPostgres()",
  "message": "Failed to connect to DB (attempt 2): failed to connect to `user=postgres database=appDatabase`: [::1]:5432 (localhost): failed SASL auth: FATAL: password authentication failed for user \"postgres\" (SQLSTATE 28P01)",
  "severity": "warning",
  "timestamp": "2025-05-14T23:04:10+02:00"
}
{
  "file": "database.go:65",
  "func": "github.com/SwanHtetAungPhyo/backend/cmd/provider.GormPostgres()",
  "message": "Failed to connect to DB (attempt 3): failed to connect to `user=postgres database=appDatabase`: [::1]:5432 (localhost): failed SASL auth: FATAL: password authentication failed for user \"postgres\" (SQLSTATE 28P01)",
  "severity": "warning",
  "timestamp": "2025-05-14T23:04:13+02:00"
}
{
  "file": "database.go:65",
  "func": "github.com/SwanHtetAungPhyo/backend/cmd/provider.GormPostgres()",
  "message": "Failed to connect to DB (attempt 4): failed to connect to `user=postgres database=appDatabase`: [::1]:5432 (localhost): failed SASL auth: FATAL: password authentication failed for user \"postgres\" (SQLSTATE 28P01)",
  "severity": "warning",
  "timestamp": "2025-05-14T23:04:16+02:00"
}
{
  "file": "database.go:65",
  "func": "github.com/SwanHtetAungPhyo/backend/cmd/provider.GormPostgres()",
  "message": "Failed to connect to DB (attempt 5): failed to connect to `user=postgres database=appDatabase`: [::1]:5432 (localhost): failed SASL auth: FATAL: password authentication failed for user \"postgres\" (SQLSTATE 28P01)",
  "severity": "warning",
  "timestamp": "2025-05-14T23:04:19+02:00"
}
{
  "file": "database.go:50",
  "func": "github.com/SwanHtetAungPhyo/backend/cmd/provider.GormPostgres()",
  "message": "Attempting to connect to database with DSN: host=localhost port=5432 user=postgres dbname=appDatabase sslmode=disable password=postgres",
  "severity": "info",
  "timestamp": "2025-05-14T23:11:56+02:00"
}
{
  "file": "database.go:95",
  "func": "github.com/SwanHtetAungPhyo/backend/cmd/provider.GormPostgres()",
  "message": "Successfully connected to the database",
  "severity": "info",
  "timestamp": "2025-05-14T23:11:56+02:00"
}
{
  "file": "database.go:50",
  "func": "github.com/SwanHtetAungPhyo/backend/cmd/provider.GormPostgres()",
  "message": "Attempting to connect to database with DSN: host=localhost port=5432 user=postgres dbname=appDatabase sslmode=disable password=postgres",
  "severity": "info",
  "timestamp": "2025-05-14T23:12:26+02:00"
}
{
  "file": "database.go:95",
  "func": "github.com/SwanHtetAungPhyo/backend/cmd/provider.GormPostgres()",
  "message": "Successfully connected to the database",
  "severity": "info",
  "timestamp": "2025-05-14T23:12:26+02:00"
}
{
  "file": "database.go:50",
  "func": "github.com/SwanHtetAungPhyo/backend/cmd/provider.GormPostgres()",
  "message": "Attempting to connect to database with DSN: host=localhost port=5432 user=postgres dbname=appDatabase sslmode=disable password=postgres",
  "severity": "info",
  "timestamp": "2025-05-14T23:15:32+02:00"
}
{
  "file": "database.go:95",
  "func": "github.com/SwanHtetAungPhyo/backend/cmd/provider.GormPostgres()",
  "message": "Successfully connected to the database",
  "severity": "info",
  "timestamp": "2025-05-14T23:15:32+02:00"
}
{
  "file": "database.go:50",
  "func": "github.com/SwanHtetAungPhyo/backend/cmd/provider.GormPostgres()",
  "message": "Attempting to connect to database with DSN: host=localhost port=5432 user=postgres dbname=appDatabase sslmode=disable password=postgres",
  "severity": "info",
  "timestamp": "2025-05-14T23:16:34+02:00"
}
{
  "file": "database.go:95",
  "func": "github.com/SwanHtetAungPhyo/backend/cmd/provider.GormPostgres()",
  "message": "Successfully connected to the database",
  "severity": "info",
  "timestamp": "2025-05-14T23:16:34+02:00"
}
{
  "file": "database.go:50",
  "func": "github.com/SwanHtetAungPhyo/backend/cmd/provider.GormPostgres()",
  "message": "Attempting to connect to database with DSN: host=localhost port=5432 user=postgres dbname=appDatabase sslmode=disable password=postgres",
  "severity": "info",
  "timestamp": "2025-05-14T23:16:56+02:00"
}
{
  "file": "database.go:95",
  "func": "github.com/SwanHtetAungPhyo/backend/cmd/provider.GormPostgres()",
  "message": "Successfully connected to the database",
  "severity": "info",
  "timestamp": "2025-05-14T23:16:56+02:00"
}
{
  "file": "database.go:50",
  "func": "github.com/SwanHtetAungPhyo/backend/cmd/provider.GormPostgres()",
  "message": "Attempting to connect to database with DSN: host=localhost port=5432 user=postgres dbname=appDatabase sslmode=disable password=postgres",
  "severity": "info",
  "timestamp": "2025-05-14T23:17:15+02:00"
}
{
  "file": "database.go:95",
  "func": "github.com/SwanHtetAungPhyo/backend/cmd/provider.GormPostgres()",
  "message": "Successfully connected to the database",
  "severity": "info",
  "timestamp": "2025-05-14T23:17:15+02:00"
}
{
  "file": "database.go:50",
  "func": "github.com/SwanHtetAungPhyo/backend/cmd/provider.GormPostgres()",
  "message": "Attempting to connect to database with DSN: host=localhost port=5432 user=postgres dbname=appDatabase sslmode=disable password=postgres",
  "severity": "info",
  "timestamp": "2025-05-14T23:17:32+02:00"
}
{
  "file": "database.go:95",
  "func": "github.com/SwanHtetAungPhyo/backend/cmd/provider.GormPostgres()",
  "message": "Successfully connected to the database",
  "severity": "info",
  "timestamp": "2025-05-14T23:17:32+02:00"
}
{
  "file": "server.go:86",
  "func": "github.com/SwanHtetAungPhyo/backend/cmd/auth.RegisterLifeCycle.func1()",
  "message": "Starting auth lifecycle...",
  "severity": "info",
  "timestamp": "2025-05-14T23:17:32+02:00"
}
{
  "file": "server.go:51",
  "func": "github.com/SwanHtetAungPhyo/backend/cmd/auth.(*ServerState).Start()",
  "message": "Starting auth server on port 30011...",
  "severity": "info",
  "timestamp": "2025-05-14T23:17:32+02:00"
}
{
  "file": "server.go:91",
  "func": "github.com/SwanHtetAungPhyo/backend/cmd/auth.RegisterLifeCycle.func1()",
  "message": "auth lifecycle started.",
  "severity": "info",
  "timestamp": "2025-05-14T23:17:32+02:00"
}
{
  "file": "server.go:88",
  "func": "github.com/SwanHtetAungPhyo/backend/cmd/chat.RegisterLifeCycle.func1()",
  "message": "Starting chat lifecycle...",
  "severity": "info",
  "timestamp": "2025-05-14T23:17:32+02:00"
}
{
  "file": "server.go:53",
  "func": "github.com/SwanHtetAungPhyo/backend/cmd/chat.(*ServerState).Start()",
  "message": "Starting chat server on port 30012...",
  "severity": "info",
  "timestamp": "2025-05-14T23:17:32+02:00"
}
{
  "file": "server.go:93",
  "func": "github.com/SwanHtetAungPhyo/backend/cmd/chat.RegisterLifeCycle.func1()",
  "message": "chat lifecycle started.",
  "severity": "info",
  "timestamp": "2025-05-14T23:17:32+02:00"
}
{
  "file": "server.go:88",
  "func": "github.com/SwanHtetAungPhyo/backend/cmd/gig.RegisterLifeCycle.func1()",
  "message": "Starting gig lifecycle...",
  "severity": "info",
  "timestamp": "2025-05-14T23:17:32+02:00"
}
{
  "file": "server.go:53",
  "func": "github.com/SwanHtetAungPhyo/backend/cmd/gig.(*ServerState).Start()",
  "message": "Starting gig server on port 30013...",
  "severity": "info",
  "timestamp": "2025-05-14T23:17:32+02:00"
}
{
  "file": "server.go:93",
  "func": "github.com/SwanHtetAungPhyo/backend/cmd/gig.RegisterLifeCycle.func1()",
  "message": "gig lifecycle started.",
  "severity": "info",
  "timestamp": "2025-05-14T23:17:32+02:00"
}
{
  "file": "server.go:88",
  "func": "github.com/SwanHtetAungPhyo/backend/cmd/wallet.RegisterLifeCycle.func1()",
  "message": "Starting wallet lifecycle...",
  "severity": "info",
  "timestamp": "2025-05-14T23:17:32+02:00"
}
{
  "file": "server.go:53",
  "func": "github.com/SwanHtetAungPhyo/backend/cmd/wallet.(*ServerState).Start()",
  "message": "Starting wallet server on port 30014...",
  "severity": "info",
  "timestamp": "2025-05-14T23:17:32+02:00"
}
{
  "file": "server.go:93",
  "func": "github.com/SwanHtetAungPhyo/backend/cmd/wallet.RegisterLifeCycle.func1()",
  "message": "wallet lifecycle started.",
  "severity": "info",
  "timestamp": "2025-05-14T23:17:32+02:00"
}
{
  "file": "server.go:88",
  "func": "github.com/SwanHtetAungPhyo/backend/cmd/order.RegisterLifeCycle.func1()",
  "message": "Starting order lifecycle...",
  "severity": "info",
  "timestamp": "2025-05-14T23:17:32+02:00"
}
{
  "file": "server.go:53",
  "func": "github.com/SwanHtetAungPhyo/backend/cmd/order.(*ServerState).Start()",
  "message": "Starting order server on port 30015...",
  "severity": "info",
  "timestamp": "2025-05-14T23:17:32+02:00"
}
{
  "file": "server.go:93",
  "func": "github.com/SwanHtetAungPhyo/backend/cmd/order.RegisterLifeCycle.func1()",
  "message": "order lifecycle started.",
  "severity": "info",
  "timestamp": "2025-05-14T23:17:32+02:00"
}
{
  "file": "server.go:88",
  "func": "github.com/SwanHtetAungPhyo/backend/cmd/user.RegisterLifeCycle.func1()",
  "message": "Starting user lifecycle...",
  "severity": "info",
  "timestamp": "2025-05-14T23:17:32+02:00"
}
{
  "file": "server.go:53",
  "func": "github.com/SwanHtetAungPhyo/backend/cmd/user.(*ServerState).Start()",
  "message": "Starting user server on port 30016...",
  "severity": "info",
  "timestamp": "2025-05-14T23:17:32+02:00"
}
{
  "file": "server.go:93",
  "func": "github.com/SwanHtetAungPhyo/backend/cmd/user.RegisterLifeCycle.func1()",
  "message": "user lifecycle started.",
  "severity": "info",
  "timestamp": "2025-05-14T23:17:32+02:00"
}
{
  "file": "main.go:74",
  "func": "main.main.func1.1()",
  "message": "Application started",
  "severity": "info",
  "timestamp": "2025-05-14T23:17:32+02:00"
}
{
  "file": "database.go:50",
  "func": "github.com/SwanHtetAungPhyo/backend/cmd/provider.GormPostgres()",
  "message": "Attempting to connect to database with DSN: host=localhost port=5432 user=postgres dbname=appDatabase sslmode=disable password=postgres",
  "severity": "info",
  "timestamp": "2025-05-15T01:53:24+02:00"
}
{
  "file": "database.go:95",
  "func": "github.com/SwanHtetAungPhyo/backend/cmd/provider.GormPostgres()",
  "message": "Successfully connected to the database",
  "severity": "info",
  "timestamp": "2025-05-15T01:53:24+02:00"
}
{
  "file": "server.go:86",
  "func": "github.com/SwanHtetAungPhyo/backend/cmd/auth.RegisterLifeCycle.func1()",
  "message": "Starting auth lifecycle...",
  "severity": "info",
  "timestamp": "2025-05-15T01:53:24+02:00"
}
{
  "file": "server.go:51",
  "func": "github.com/SwanHtetAungPhyo/backend/cmd/auth.(*ServerState).Start()",
  "message": "Starting auth server on port 30011...",
  "severity": "info",
  "timestamp": "2025-05-15T01:53:24+02:00"
}
{
  "file": "server.go:91",
  "func": "github.com/SwanHtetAungPhyo/backend/cmd/auth.RegisterLifeCycle.func1()",
  "message": "auth lifecycle started.",
  "severity": "info",
  "timestamp": "2025-05-15T01:53:24+02:00"
}
{
  "file": "server.go:88",
  "func": "github.com/SwanHtetAungPhyo/backend/cmd/chat.RegisterLifeCycle.func1()",
  "message": "Starting chat lifecycle...",
  "severity": "info",
  "timestamp": "2025-05-15T01:53:24+02:00"
}
{
  "file": "server.go:53",
  "func": "github.com/SwanHtetAungPhyo/backend/cmd/chat.(*ServerState).Start()",
  "message": "Starting chat server on port 30012...",
  "severity": "info",
  "timestamp": "2025-05-15T01:53:24+02:00"
}
{
  "file": "server.go:93",
  "func": "github.com/SwanHtetAungPhyo/backend/cmd/chat.RegisterLifeCycle.func1()",
  "message": "chat lifecycle started.",
  "severity": "info",
  "timestamp": "2025-05-15T01:53:24+02:00"
}
{
  "file": "server.go:88",
  "func": "github.com/SwanHtetAungPhyo/backend/cmd/gig.RegisterLifeCycle.func1()",
  "message": "Starting gig lifecycle...",
  "severity": "info",
  "timestamp": "2025-05-15T01:53:24+02:00"
}
{
  "file": "server.go:53",
  "func": "github.com/SwanHtetAungPhyo/backend/cmd/gig.(*ServerState).Start()",
  "message": "Starting gig server on port 30013...",
  "severity": "info",
  "timestamp": "2025-05-15T01:53:24+02:00"
}
{
  "file": "server.go:93",
  "func": "github.com/SwanHtetAungPhyo/backend/cmd/gig.RegisterLifeCycle.func1()",
  "message": "gig lifecycle started.",
  "severity": "info",
  "timestamp": "2025-05-15T01:53:24+02:00"
}
{
  "file": "server.go:88",
  "func": "github.com/SwanHtetAungPhyo/backend/cmd/wallet.RegisterLifeCycle.func1()",
  "message": "Starting wallet lifecycle...",
  "severity": "info",
  "timestamp": "2025-05-15T01:53:24+02:00"
}
{
  "file": "server.go:53",
  "func": "github.com/SwanHtetAungPhyo/backend/cmd/wallet.(*ServerState).Start()",
  "message": "Starting wallet server on port 30014...",
  "severity": "info",
  "timestamp": "2025-05-15T01:53:24+02:00"
}
{
  "file": "server.go:93",
  "func": "github.com/SwanHtetAungPhyo/backend/cmd/wallet.RegisterLifeCycle.func1()",
  "message": "wallet lifecycle started.",
  "severity": "info",
  "timestamp": "2025-05-15T01:53:24+02:00"
}
{
  "file": "server.go:88",
  "func": "github.com/SwanHtetAungPhyo/backend/cmd/order.RegisterLifeCycle.func1()",
  "message": "Starting order lifecycle...",
  "severity": "info",
  "timestamp": "2025-05-15T01:53:24+02:00"
}
{
  "file": "server.go:53",
  "func": "github.com/SwanHtetAungPhyo/backend/cmd/order.(*ServerState).Start()",
  "message": "Starting order server on port 30015...",
  "severity": "info",
  "timestamp": "2025-05-15T01:53:24+02:00"
}
{
  "file": "server.go:93",
  "func": "github.com/SwanHtetAungPhyo/backend/cmd/order.RegisterLifeCycle.func1()",
  "message": "order lifecycle started.",
  "severity": "info",
  "timestamp": "2025-05-15T01:53:24+02:00"
}
{
  "file": "server.go:88",
  "func": "github.com/SwanHtetAungPhyo/backend/cmd/user.RegisterLifeCycle.func1()",
  "message": "Starting user lifecycle...",
  "severity": "info",
  "timestamp": "2025-05-15T01:53:24+02:00"
}
{
  "file": "server.go:53",
  "func": "github.com/SwanHtetAungPhyo/backend/cmd/user.(*ServerState).Start()",
  "message": "Starting user server on port 30016...",
  "severity": "info",
  "timestamp": "2025-05-15T01:53:24+02:00"
}
{
  "file": "server.go:93",
  "func": "github.com/SwanHtetAungPhyo/backend/cmd/user.RegisterLifeCycle.func1()",
  "message": "user lifecycle started.",
  "severity": "info",
  "timestamp": "2025-05-15T01:53:24+02:00"
}
{
  "file": "main.go:74",
  "func": "main.main.func1.1()",
  "message": "Application started",
  "severity": "info",
  "timestamp": "2025-05-15T01:53:24+02:00"
}
{
  "file": "database.go:50",
  "func": "github.com/SwanHtetAungPhyo/backend/cmd/provider.GormPostgres()",
  "message": "Attempting to connect to database with DSN: host=localhost port=5432 user=postgres dbname=appDatabase sslmode=disable password=postgres",
  "severity": "info",
  "timestamp": "2025-05-15T02:10:33+02:00"
}
{
  "file": "database.go:95",
  "func": "github.com/SwanHtetAungPhyo/backend/cmd/provider.GormPostgres()",
  "message": "Successfully connected to the database",
  "severity": "info",
  "timestamp": "2025-05-15T02:10:33+02:00"
}
{
  "file": "server.go:86",
  "func": "github.com/SwanHtetAungPhyo/backend/cmd/auth.RegisterLifeCycle.func1()",
  "message": "Starting auth lifecycle...",
  "severity": "info",
  "timestamp": "2025-05-15T02:10:33+02:00"
}
{
  "file": "server.go:51",
  "func": "github.com/SwanHtetAungPhyo/backend/cmd/auth.(*ServerState).Start()",
  "message": "Starting auth server on port 30011...",
  "severity": "info",
  "timestamp": "2025-05-15T02:10:33+02:00"
}
{
  "file": "server.go:91",
  "func": "github.com/SwanHtetAungPhyo/backend/cmd/auth.RegisterLifeCycle.func1()",
  "message": "auth lifecycle started.",
  "severity": "info",
  "timestamp": "2025-05-15T02:10:33+02:00"
}
{
  "file": "server.go:88",
  "func": "github.com/SwanHtetAungPhyo/backend/cmd/chat.RegisterLifeCycle.func1()",
  "message": "Starting chat lifecycle...",
  "severity": "info",
  "timestamp": "2025-05-15T02:10:33+02:00"
}
{
  "file": "server.go:53",
  "func": "github.com/SwanHtetAungPhyo/backend/cmd/chat.(*ServerState).Start()",
  "message": "Starting chat server on port 30012...",
  "severity": "info",
  "timestamp": "2025-05-15T02:10:33+02:00"
}
{
  "file": "server.go:93",
  "func": "github.com/SwanHtetAungPhyo/backend/cmd/chat.RegisterLifeCycle.func1()",
  "message": "chat lifecycle started.",
  "severity": "info",
  "timestamp": "2025-05-15T02:10:33+02:00"
}
{
  "file": "server.go:88",
  "func": "github.com/SwanHtetAungPhyo/backend/cmd/gig.RegisterLifeCycle.func1()",
  "message": "Starting gig lifecycle...",
  "severity": "info",
  "timestamp": "2025-05-15T02:10:33+02:00"
}
{
  "file": "server.go:53",
  "func": "github.com/SwanHtetAungPhyo/backend/cmd/gig.(*ServerState).Start()",
  "message": "Starting gig server on port 30013...",
  "severity": "info",
  "timestamp": "2025-05-15T02:10:33+02:00"
}
{
  "file": "server.go:93",
  "func": "github.com/SwanHtetAungPhyo/backend/cmd/gig.RegisterLifeCycle.func1()",
  "message": "gig lifecycle started.",
  "severity": "info",
  "timestamp": "2025-05-15T02:10:33+02:00"
}
{
  "file": "server.go:88",
  "func": "github.com/SwanHtetAungPhyo/backend/cmd/wallet.RegisterLifeCycle.func1()",
  "message": "Starting wallet lifecycle...",
  "severity": "info",
  "timestamp": "2025-05-15T02:10:33+02:00"
}
{
  "file": "server.go:53",
  "func": "github.com/SwanHtetAungPhyo/backend/cmd/wallet.(*ServerState).Start()",
  "message": "Starting wallet server on port 30014...",
  "severity": "info",
  "timestamp": "2025-05-15T02:10:33+02:00"
}
{
  "file": "server.go:93",
  "func": "github.com/SwanHtetAungPhyo/backend/cmd/wallet.RegisterLifeCycle.func1()",
  "message": "wallet lifecycle started.",
  "severity": "info",
  "timestamp": "2025-05-15T02:10:33+02:00"
}
{
  "file": "server.go:88",
  "func": "github.com/SwanHtetAungPhyo/backend/cmd/order.RegisterLifeCycle.func1()",
  "message": "Starting order lifecycle...",
  "severity": "info",
  "timestamp": "2025-05-15T02:10:33+02:00"
}
{
  "file": "server.go:53",
  "func": "github.com/SwanHtetAungPhyo/backend/cmd/order.(*ServerState).Start()",
  "message": "Starting order server on port 30015...",
  "severity": "info",
  "timestamp": "2025-05-15T02:10:33+02:00"
}
{
  "file": "server.go:93",
  "func": "github.com/SwanHtetAungPhyo/backend/cmd/order.RegisterLifeCycle.func1()",
  "message": "order lifecycle started.",
  "severity": "info",
  "timestamp": "2025-05-15T02:10:33+02:00"
}
{
  "file": "server.go:88",
  "func": "github.com/SwanHtetAungPhyo/backend/cmd/user.RegisterLifeCycle.func1()",
  "message": "Starting user lifecycle...",
  "severity": "info",
  "timestamp": "2025-05-15T02:10:33+02:00"
}
{
  "file": "server.go:53",
  "func": "github.com/SwanHtetAungPhyo/backend/cmd/user.(*ServerState).Start()",
  "message": "Starting user server on port 30016...",
  "severity": "info",
  "timestamp": "2025-05-15T02:10:33+02:00"
}
{
  "file": "server.go:93",
  "func": "github.com/SwanHtetAungPhyo/backend/cmd/user.RegisterLifeCycle.func1()",
  "message": "user lifecycle started.",
  "severity": "info",
  "timestamp": "2025-05-15T02:10:33+02:00"
}
{
  "file": "main.go:74",
  "func": "main.main.func1.1()",
  "message": "Application started",
  "severity": "info",
  "timestamp": "2025-05-15T02:10:33+02:00"
}
{
  "file": "database.go:51",
  "func": "github.com/SwanHtetAungPhyo/backend/cmd/provider.GormPostgres()",
  "message": "Attempting to connect to database with DSN: host=postgres port=5432 user=postgres dbname=appDatabase sslmode=disable password=postgres",
  "severity": "info",
  "timestamp": "2025-05-15T02:47:06+02:00"
}
{
  "file": "database.go:66",
  "func": "github.com/SwanHtetAungPhyo/backend/cmd/provider.GormPostgres()",
  "message": "Failed to connect to DB (attempt 1): failed to connect to `user=postgres database=railway`:\n\thostname resolving error: lookup postgres.railway.internal: no such host\n\tlookup postgres.railway.internal: no such host",
  "severity": "warning",
  "timestamp": "2025-05-15T02:47:06+02:00"
}
{
  "file": "database.go:66",
  "func": "github.com/SwanHtetAungPhyo/backend/cmd/provider.GormPostgres()",
  "message": "Failed to connect to DB (attempt 2): failed to connect to `user=postgres database=railway`:\n\thostname resolving error: lookup postgres.railway.internal: no such host\n\tlookup postgres.railway.internal: no such host",
  "severity": "warning",
  "timestamp": "2025-05-15T02:47:09+02:00"
}
{
  "file": "database.go:52",
  "func": "github.com/SwanHtetAungPhyo/backend/cmd/provider.GormPostgres()",
  "message": "Attempting to connect to database with DSN: host=postgres port=5432 user=postgres dbname=appDatabase sslmode=disable password=postgres",
  "severity": "info",
  "timestamp": "2025-05-15T02:47:33+02:00"
}
{
  "file": "database.go:97",
  "func": "github.com/SwanHtetAungPhyo/backend/cmd/provider.GormPostgres()",
  "message": "Successfully connected to the database",
  "severity": "info",
  "timestamp": "2025-05-15T02:47:34+02:00"
}
{
  "file": "server.go:86",
  "func": "github.com/SwanHtetAungPhyo/backend/cmd/auth.RegisterLifeCycle.func1()",
  "message": "Starting auth lifecycle...",
  "severity": "info",
  "timestamp": "2025-05-15T02:47:34+02:00"
}
{
  "file": "server.go:51",
  "func": "github.com/SwanHtetAungPhyo/backend/cmd/auth.(*ServerState).Start()",
  "message": "Starting auth server on port 30011...",
  "severity": "info",
  "timestamp": "2025-05-15T02:47:34+02:00"
}
{
  "file": "server.go:91",
  "func": "github.com/SwanHtetAungPhyo/backend/cmd/auth.RegisterLifeCycle.func1()",
  "message": "auth lifecycle started.",
  "severity": "info",
  "timestamp": "2025-05-15T02:47:34+02:00"
}
{
  "file": "server.go:88",
  "func": "github.com/SwanHtetAungPhyo/backend/cmd/chat.RegisterLifeCycle.func1()",
  "message": "Starting chat lifecycle...",
  "severity": "info",
  "timestamp": "2025-05-15T02:47:34+02:00"
}
{
  "file": "server.go:53",
  "func": "github.com/SwanHtetAungPhyo/backend/cmd/chat.(*ServerState).Start()",
  "message": "Starting chat server on port 30012...",
  "severity": "info",
  "timestamp": "2025-05-15T02:47:34+02:00"
}
{
  "file": "server.go:93",
  "func": "github.com/SwanHtetAungPhyo/backend/cmd/chat.RegisterLifeCycle.func1()",
  "message": "chat lifecycle started.",
  "severity": "info",
  "timestamp": "2025-05-15T02:47:34+02:00"
}
{
  "file": "server.go:88",
  "func": "github.com/SwanHtetAungPhyo/backend/cmd/gig.RegisterLifeCycle.func1()",
  "message": "Starting gig lifecycle...",
  "severity": "info",
  "timestamp": "2025-05-15T02:47:34+02:00"
}
{
  "file": "server.go:53",
  "func": "github.com/SwanHtetAungPhyo/backend/cmd/gig.(*ServerState).Start()",
  "message": "Starting gig server on port 30013...",
  "severity": "info",
  "timestamp": "2025-05-15T02:47:34+02:00"
}
{
  "file": "server.go:93",
  "func": "github.com/SwanHtetAungPhyo/backend/cmd/gig.RegisterLifeCycle.func1()",
  "message": "gig lifecycle started.",
  "severity": "info",
  "timestamp": "2025-05-15T02:47:34+02:00"
}
{
  "file": "server.go:88",
  "func": "github.com/SwanHtetAungPhyo/backend/cmd/wallet.RegisterLifeCycle.func1()",
  "message": "Starting wallet lifecycle...",
  "severity": "info",
  "timestamp": "2025-05-15T02:47:34+02:00"
}
{
  "file": "server.go:53",
  "func": "github.com/SwanHtetAungPhyo/backend/cmd/wallet.(*ServerState).Start()",
  "message": "Starting wallet server on port 30014...",
  "severity": "info",
  "timestamp": "2025-05-15T02:47:34+02:00"
}
{
  "file": "server.go:93",
  "func": "github.com/SwanHtetAungPhyo/backend/cmd/wallet.RegisterLifeCycle.func1()",
  "message": "wallet lifecycle started.",
  "severity": "info",
  "timestamp": "2025-05-15T02:47:34+02:00"
}
{
  "file": "server.go:88",
  "func": "github.com/SwanHtetAungPhyo/backend/cmd/order.RegisterLifeCycle.func1()",
  "message": "Starting order lifecycle...",
  "severity": "info",
  "timestamp": "2025-05-15T02:47:34+02:00"
}
{
  "file": "server.go:53",
  "func": "github.com/SwanHtetAungPhyo/backend/cmd/order.(*ServerState).Start()",
  "message": "Starting order server on port 30015...",
  "severity": "info",
  "timestamp": "2025-05-15T02:47:34+02:00"
}
{
  "file": "server.go:93",
  "func": "github.com/SwanHtetAungPhyo/backend/cmd/order.RegisterLifeCycle.func1()",
  "message": "order lifecycle started.",
  "severity": "info",
  "timestamp": "2025-05-15T02:47:34+02:00"
}
{
  "file": "server.go:88",
  "func": "github.com/SwanHtetAungPhyo/backend/cmd/user.RegisterLifeCycle.func1()",
  "message": "Starting user lifecycle...",
  "severity": "info",
  "timestamp": "2025-05-15T02:47:34+02:00"
}
{
  "file": "server.go:53",
  "func": "github.com/SwanHtetAungPhyo/backend/cmd/user.(*ServerState).Start()",
  "message": "Starting user server on port 30016...",
  "severity": "info",
  "timestamp": "2025-05-15T02:47:34+02:00"
}
{
  "file": "server.go:93",
  "func": "github.com/SwanHtetAungPhyo/backend/cmd/user.RegisterLifeCycle.func1()",
  "message": "user lifecycle started.",
  "severity": "info",
  "timestamp": "2025-05-15T02:47:34+02:00"
}
{
  "file": "main.go:74",
  "func": "main.main.func1.1()",
  "message": "Application started",
  "severity": "info",
  "timestamp": "2025-05-15T02:47:34+02:00"
}
{
  "file": "database.go:52",
  "func": "github.com/SwanHtetAungPhyo/backend/cmd/provider.GormPostgres()",
  "message": "Attempting to connect to database with DSN: host=postgres port=5432 user=postgres dbname=appDatabase sslmode=disable password=postgres",
  "severity": "info",
  "timestamp": "2025-05-15T02:59:05+02:00"
}
{
  "file": "database.go:97",
  "func": "github.com/SwanHtetAungPhyo/backend/cmd/provider.GormPostgres()",
  "message": "Successfully connected to the database",
  "severity": "info",
  "timestamp": "2025-05-15T02:59:06+02:00"
}
{
  "file": "server.go:86",
  "func": "github.com/SwanHtetAungPhyo/backend/cmd/auth.RegisterLifeCycle.func1()",
  "message": "Starting auth lifecycle...",
  "severity": "info",
  "timestamp": "2025-05-15T02:59:06+02:00"
}
{
  "file": "server.go:51",
  "func": "github.com/SwanHtetAungPhyo/backend/cmd/auth.(*ServerState).Start()",
  "message": "Starting auth server on port 30011...",
  "severity": "info",
  "timestamp": "2025-05-15T02:59:06+02:00"
}
{
  "file": "server.go:91",
  "func": "github.com/SwanHtetAungPhyo/backend/cmd/auth.RegisterLifeCycle.func1()",
  "message": "auth lifecycle started.",
  "severity": "info",
  "timestamp": "2025-05-15T02:59:06+02:00"
}
{
  "file": "server.go:88",
  "func": "github.com/SwanHtetAungPhyo/backend/cmd/chat.RegisterLifeCycle.func1()",
  "message": "Starting chat lifecycle...",
  "severity": "info",
  "timestamp": "2025-05-15T02:59:06+02:00"
}
{
  "file": "server.go:53",
  "func": "github.com/SwanHtetAungPhyo/backend/cmd/chat.(*ServerState).Start()",
  "message": "Starting chat server on port 30012...",
  "severity": "info",
  "timestamp": "2025-05-15T02:59:06+02:00"
}
{
  "file": "server.go:93",
  "func": "github.com/SwanHtetAungPhyo/backend/cmd/chat.RegisterLifeCycle.func1()",
  "message": "chat lifecycle started.",
  "severity": "info",
  "timestamp": "2025-05-15T02:59:06+02:00"
}
{
  "file": "server.go:88",
  "func": "github.com/SwanHtetAungPhyo/backend/cmd/gig.RegisterLifeCycle.func1()",
  "message": "Starting gig lifecycle...",
  "severity": "info",
  "timestamp": "2025-05-15T02:59:06+02:00"
}
{
  "file": "server.go:53",
  "func": "github.com/SwanHtetAungPhyo/backend/cmd/gig.(*ServerState).Start()",
  "message": "Starting gig server on port 30013...",
  "severity": "info",
  "timestamp": "2025-05-15T02:59:06+02:00"
}
{
  "file": "server.go:93",
  "func": "github.com/SwanHtetAungPhyo/backend/cmd/gig.RegisterLifeCycle.func1()",
  "message": "gig lifecycle started.",
  "severity": "info",
  "timestamp": "2025-05-15T02:59:06+02:00"
}
{
  "file": "server.go:88",
  "func": "github.com/SwanHtetAungPhyo/backend/cmd/wallet.RegisterLifeCycle.func1()",
  "message": "Starting wallet lifecycle...",
  "severity": "info",
  "timestamp": "2025-05-15T02:59:06+02:00"
}
{
  "file": "server.go:53",
  "func": "github.com/SwanHtetAungPhyo/backend/cmd/wallet.(*ServerState).Start()",
  "message": "Starting wallet server on port 30014...",
  "severity": "info",
  "timestamp": "2025-05-15T02:59:06+02:00"
}
{
  "file": "server.go:93",
  "func": "github.com/SwanHtetAungPhyo/backend/cmd/wallet.RegisterLifeCycle.func1()",
  "message": "wallet lifecycle started.",
  "severity": "info",
  "timestamp": "2025-05-15T02:59:06+02:00"
}
{
  "file": "server.go:88",
  "func": "github.com/SwanHtetAungPhyo/backend/cmd/order.RegisterLifeCycle.func1()",
  "message": "Starting order lifecycle...",
  "severity": "info",
  "timestamp": "2025-05-15T02:59:06+02:00"
}
{
  "file": "server.go:53",
  "func": "github.com/SwanHtetAungPhyo/backend/cmd/order.(*ServerState).Start()",
  "message": "Starting order server on port 30015...",
  "severity": "info",
  "timestamp": "2025-05-15T02:59:06+02:00"
}
{
  "file": "server.go:93",
  "func": "github.com/SwanHtetAungPhyo/backend/cmd/order.RegisterLifeCycle.func1()",
  "message": "order lifecycle started.",
  "severity": "info",
  "timestamp": "2025-05-15T02:59:06+02:00"
}
{
  "file": "server.go:88",
  "func": "github.com/SwanHtetAungPhyo/backend/cmd/user.RegisterLifeCycle.func1()",
  "message": "Starting user lifecycle...",
  "severity": "info",
  "timestamp": "2025-05-15T02:59:06+02:00"
}
{
  "file": "server.go:53",
  "func": "github.com/SwanHtetAungPhyo/backend/cmd/user.(*ServerState).Start()",
  "message": "Starting user server on port 30016...",
  "severity": "info",
  "timestamp": "2025-05-15T02:59:06+02:00"
}
{
  "file": "server.go:93",
  "func": "github.com/SwanHtetAungPhyo/backend/cmd/user.RegisterLifeCycle.func1()",
  "message": "user lifecycle started.",
  "severity": "info",
  "timestamp": "2025-05-15T02:59:06+02:00"
}
{
  "file": "main.go:74",
  "func": "main.main.func1.1()",
  "message": "Application started",
  "severity": "info",
  "timestamp": "2025-05-15T02:59:06+02:00"
}
